13:49:27 - h.HiringServiceApplication - Starting HiringServiceApplication on PHUCs-MBP.ddnszone.calstatela.edu with PID 96071 (/Users/kevinngo/Projects_local_disk/hiring-service-restapi/target/classes started by kevinngo in /Users/kevinngo/Projects_local_disk/hiring-service-restapi)
13:49:28 - h.HiringServiceApplication - No active profile set, falling back to default profiles: default
13:49:28 - o.s.d.r.c.RepositoryConfigurationDelegate - Bootstrapping Spring Data JPA repositories in DEFAULT mode.
13:49:28 - o.s.d.r.c.RepositoryConfigurationDelegate - Finished Spring Data repository scanning in 13ms. Found 0 JPA repository interfaces.
13:49:29 - o.s.c.s.PostProcessorRegistrationDelegate$BeanPostProcessorChecker - Bean 'org.springframework.transaction.annotation.ProxyTransactionManagementConfiguration' of type [org.springframework.transaction.annotation.ProxyTransactionManagementConfiguration] is not eligible for getting processed by all BeanPostProcessors (for example: not eligible for auto-proxying)
13:49:29 - o.s.b.w.e.tomcat.TomcatWebServer - Tomcat initialized with port(s): 8080 (http)
13:49:29 - o.a.catalina.core.StandardService - Starting service [Tomcat]
13:49:29 - o.a.catalina.core.StandardEngine - Starting Servlet engine: [Apache Tomcat/9.0.30]
13:49:29 - o.a.c.c.C.[Tomcat].[localhost].[/] - Initializing Spring embedded WebApplicationContext
13:49:29 - o.s.web.context.ContextLoader - Root WebApplicationContext: initialization completed in 1798 ms
13:49:29 - com.zaxxer.hikari.HikariDataSource - HikariPool-1 - Starting...
13:49:30 - com.zaxxer.hikari.HikariDataSource - HikariPool-1 - Start completed.
13:49:30 - o.h.jpa.internal.util.LogHelper - HHH000204: Processing PersistenceUnitInfo [name: default]
13:49:30 - org.hibernate.Version - HHH000412: Hibernate Core {5.4.10.Final}
13:49:30 - o.h.annotations.common.Version - HCANN000001: Hibernate Commons Annotations {5.1.0.Final}
13:49:30 - org.hibernate.dialect.Dialect - HHH000400: Using dialect: org.hibernate.dialect.MySQL8Dialect
13:49:30 - o.h.e.t.j.p.i.JtaPlatformInitiator - HHH000490: Using JtaPlatform implementation: [org.hibernate.engine.transaction.jta.platform.internal.NoJtaPlatform]
13:49:30 - o.s.o.j.LocalContainerEntityManagerFactoryBean - Initialized JPA EntityManagerFactory for persistence unit 'default'
13:49:30 - o.s.b.a.o.j.JpaBaseConfiguration$JpaWebConfiguration - spring.jpa.open-in-view is enabled by default. Therefore, database queries may be performed during view rendering. Explicitly configure spring.jpa.open-in-view to disable this warning
13:49:31 - o.s.s.c.ThreadPoolTaskExecutor - Initializing ExecutorService 'applicationTaskExecutor'
13:49:31 - o.s.b.w.e.tomcat.TomcatWebServer - Tomcat started on port(s): 8080 (http) with context path ''
13:49:31 - h.HiringServiceApplication - Started HiringServiceApplication in 3.598 seconds (JVM running for 4.108)
13:49:31 - h.HiringServiceApplication - starting log
13:49:58 - o.s.b.a.SpringApplicationAdminMXBeanRegistrar$SpringApplicationAdmin - Application shutdown requested.
13:49:58 - o.s.s.c.ThreadPoolTaskExecutor - Shutting down ExecutorService 'applicationTaskExecutor'
13:49:58 - o.s.o.j.LocalContainerEntityManagerFactoryBean - Closing JPA EntityManagerFactory for persistence unit 'default'
13:49:58 - com.zaxxer.hikari.HikariDataSource - HikariPool-1 - Shutdown initiated...
13:49:58 - com.zaxxer.hikari.HikariDataSource - HikariPool-1 - Shutdown completed.
13:49:59 [main] - h.HiringServiceApplication - Starting HiringServiceApplication on PHUCs-MBP.ddnszone.calstatela.edu with PID 96135 (/Users/kevinngo/Projects_local_disk/hiring-service-restapi/target/classes started by kevinngo in /Users/kevinngo/Projects_local_disk/hiring-service-restapi)
13:49:59 [main] - h.HiringServiceApplication - No active profile set, falling back to default profiles: default
13:50:00 [main] - o.s.d.r.c.RepositoryConfigurationDelegate - Bootstrapping Spring Data JPA repositories in DEFAULT mode.
13:50:00 [main] - o.s.d.r.c.RepositoryConfigurationDelegate - Finished Spring Data repository scanning in 9ms. Found 0 JPA repository interfaces.
13:50:00 [main] - o.s.c.s.PostProcessorRegistrationDelegate$BeanPostProcessorChecker - Bean 'org.springframework.transaction.annotation.ProxyTransactionManagementConfiguration' of type [org.springframework.transaction.annotation.ProxyTransactionManagementConfiguration] is not eligible for getting processed by all BeanPostProcessors (for example: not eligible for auto-proxying)
13:50:00 [main] - o.s.b.w.e.tomcat.TomcatWebServer - Tomcat initialized with port(s): 8080 (http)
13:50:00 [main] - o.a.catalina.core.StandardService - Starting service [Tomcat]
13:50:00 [main] - o.a.catalina.core.StandardEngine - Starting Servlet engine: [Apache Tomcat/9.0.30]
13:50:00 [main] - o.a.c.c.C.[Tomcat].[localhost].[/] - Initializing Spring embedded WebApplicationContext
13:50:00 [main] - o.s.web.context.ContextLoader - Root WebApplicationContext: initialization completed in 952 ms
13:50:00 [main] - com.zaxxer.hikari.HikariDataSource - HikariPool-1 - Starting...
13:50:00 [main] - com.zaxxer.hikari.HikariDataSource - HikariPool-1 - Start completed.
13:50:00 [main] - o.h.jpa.internal.util.LogHelper - HHH000204: Processing PersistenceUnitInfo [name: default]
13:50:01 [main] - org.hibernate.Version - HHH000412: Hibernate Core {5.4.10.Final}
13:50:01 [main] - o.h.annotations.common.Version - HCANN000001: Hibernate Commons Annotations {5.1.0.Final}
13:50:01 [main] - org.hibernate.dialect.Dialect - HHH000400: Using dialect: org.hibernate.dialect.MySQL8Dialect
13:50:01 [main] - o.h.e.t.j.p.i.JtaPlatformInitiator - HHH000490: Using JtaPlatform implementation: [org.hibernate.engine.transaction.jta.platform.internal.NoJtaPlatform]
13:50:01 [main] - o.s.o.j.LocalContainerEntityManagerFactoryBean - Initialized JPA EntityManagerFactory for persistence unit 'default'
13:50:01 [main] - o.s.b.a.o.j.JpaBaseConfiguration$JpaWebConfiguration - spring.jpa.open-in-view is enabled by default. Therefore, database queries may be performed during view rendering. Explicitly configure spring.jpa.open-in-view to disable this warning
13:50:01 [main] - o.s.s.c.ThreadPoolTaskExecutor - Initializing ExecutorService 'applicationTaskExecutor'
13:50:01 [main] - o.s.b.w.e.tomcat.TomcatWebServer - Tomcat started on port(s): 8080 (http) with context path ''
13:50:01 [main] - h.HiringServiceApplication - Started HiringServiceApplication in 2.709 seconds (JVM running for 3.229)
13:50:01 [main] - h.HiringServiceApplication - starting log
13:52:33 [RMI TCP Connection(2)-127.0.0.1] - o.s.b.a.SpringApplicationAdminMXBeanRegistrar$SpringApplicationAdmin - Application shutdown requested.
13:52:33 [RMI TCP Connection(2)-127.0.0.1] - o.s.s.c.ThreadPoolTaskExecutor - Shutting down ExecutorService 'applicationTaskExecutor'
13:52:33 [RMI TCP Connection(2)-127.0.0.1] - o.s.o.j.LocalContainerEntityManagerFactoryBean - Closing JPA EntityManagerFactory for persistence unit 'default'
13:52:33 [RMI TCP Connection(2)-127.0.0.1] - com.zaxxer.hikari.HikariDataSource - HikariPool-1 - Shutdown initiated...
13:52:33 [RMI TCP Connection(2)-127.0.0.1] - com.zaxxer.hikari.HikariDataSource - HikariPool-1 - Shutdown completed.
13:53:58 [main] - h.HiringServiceApplication - Starting HiringServiceApplication on PHUCs-MBP.ddnszone.calstatela.edu with PID 96664 (/Users/kevinngo/Projects_local_disk/hiring-service-restapi/target/classes started by kevinngo in /Users/kevinngo/Projects_local_disk/hiring-service-restapi)
13:53:58 [main] - h.HiringServiceApplication - No active profile set, falling back to default profiles: default
13:53:58 [main] - o.s.d.r.c.RepositoryConfigurationDelegate - Bootstrapping Spring Data JPA repositories in DEFAULT mode.
13:53:58 [main] - o.s.d.r.c.RepositoryConfigurationDelegate - Finished Spring Data repository scanning in 9ms. Found 0 JPA repository interfaces.
13:53:59 [main] - o.s.c.s.PostProcessorRegistrationDelegate$BeanPostProcessorChecker - Bean 'org.springframework.transaction.annotation.ProxyTransactionManagementConfiguration' of type [org.springframework.transaction.annotation.ProxyTransactionManagementConfiguration] is not eligible for getting processed by all BeanPostProcessors (for example: not eligible for auto-proxying)
13:53:59 [main] - o.s.b.w.e.tomcat.TomcatWebServer - Tomcat initialized with port(s): 8080 (http)
13:53:59 [main] - o.a.catalina.core.StandardService - Starting service [Tomcat]
13:53:59 [main] - o.a.catalina.core.StandardEngine - Starting Servlet engine: [Apache Tomcat/9.0.30]
13:53:59 [main] - o.a.c.c.C.[Tomcat].[localhost].[/] - Initializing Spring embedded WebApplicationContext
13:53:59 [main] - o.s.web.context.ContextLoader - Root WebApplicationContext: initialization completed in 993 ms
13:53:59 [main] - com.zaxxer.hikari.HikariDataSource - HikariPool-1 - Starting...
13:53:59 [main] - com.zaxxer.hikari.HikariDataSource - HikariPool-1 - Start completed.
13:53:59 [main] - o.h.jpa.internal.util.LogHelper - HHH000204: Processing PersistenceUnitInfo [name: default]
13:53:59 [main] - org.hibernate.Version - HHH000412: Hibernate Core {5.4.10.Final}
13:53:59 [main] - o.h.annotations.common.Version - HCANN000001: Hibernate Commons Annotations {5.1.0.Final}
13:53:59 [main] - org.hibernate.dialect.Dialect - HHH000400: Using dialect: org.hibernate.dialect.MySQL8Dialect
13:54:00 [main] - o.h.e.t.j.p.i.JtaPlatformInitiator - HHH000490: Using JtaPlatform implementation: [org.hibernate.engine.transaction.jta.platform.internal.NoJtaPlatform]
13:54:00 [main] - o.s.o.j.LocalContainerEntityManagerFactoryBean - Initialized JPA EntityManagerFactory for persistence unit 'default'
13:54:00 [main] - o.s.b.a.o.j.JpaBaseConfiguration$JpaWebConfiguration - spring.jpa.open-in-view is enabled by default. Therefore, database queries may be performed during view rendering. Explicitly configure spring.jpa.open-in-view to disable this warning
13:54:00 [main] - o.s.s.c.ThreadPoolTaskExecutor - Initializing ExecutorService 'applicationTaskExecutor'
13:54:00 [main] - o.s.b.w.e.tomcat.TomcatWebServer - Tomcat started on port(s): 8080 (http) with context path ''
13:54:00 [main] - h.HiringServiceApplication - Started HiringServiceApplication in 2.569 seconds (JVM running for 2.948)
13:54:00 [main] - h.HiringServiceApplication - starting log
13:54:08 [RMI TCP Connection(2)-127.0.0.1] - o.s.b.a.SpringApplicationAdminMXBeanRegistrar$SpringApplicationAdmin - Application shutdown requested.
13:54:08 [RMI TCP Connection(2)-127.0.0.1] - o.s.s.c.ThreadPoolTaskExecutor - Shutting down ExecutorService 'applicationTaskExecutor'
13:54:08 [RMI TCP Connection(2)-127.0.0.1] - o.s.o.j.LocalContainerEntityManagerFactoryBean - Closing JPA EntityManagerFactory for persistence unit 'default'
13:54:08 [RMI TCP Connection(2)-127.0.0.1] - com.zaxxer.hikari.HikariDataSource - HikariPool-1 - Shutdown initiated...
13:54:08 [RMI TCP Connection(2)-127.0.0.1] - com.zaxxer.hikari.HikariDataSource - HikariPool-1 - Shutdown completed.
